WARNING:dricko:warning: Expecting value: line 1 column 1 (char 0)
INFO:dricko:dricko: logger initialized
INFO:dricko:Starting dricko handler...
WARNING:dricko:warning: Expecting value: line 1 column 1 (char 0)
INFO:dricko:dricko: logger initialized
INFO:dricko:Starting dricko handler...
WARNING:dricko:warning: Expecting value: line 1 column 1 (char 0)
INFO:dricko:dricko: logger initialized
INFO:dricko:Starting dricko handler...
WARNING:dricko:warning: Expecting value: line 1 column 1 (char 0)
2025-09-25 09:20:07,800:INFO:dricko:dricko: logger initialized
2025-09-25 09:20:07,800:INFO:dricko:Starting dricko handler...
2025-09-25 09:20:17,824:WARNING:dricko:warning json: Expecting value: line 1 column 1 (char 0)
2025-09-25 09:21:35,411:INFO:dricko:Starting dricko handler...
2025-09-25 09:21:45,371:INFO:dricko:Starting dricko handler...
2025-09-25 09:21:55,407:WARNING:dricko:warning json: Expecting value: line 1 column 1 (char 0)
2025-09-25 09:21:55,407:INFO:dricko:dricko: no payments to credit...
2025-09-25 09:22:02,416:WARNING:dricko:warning json: Expecting value: line 1 column 1 (char 0)
2025-09-25 09:22:09,424:WARNING:dricko:warning json: Expecting value: line 1 column 1 (char 0)
2025-09-25 09:22:16,430:WARNING:dricko:warning json: Expecting value: line 1 column 1 (char 0)
2025-09-25 09:22:23,431:WARNING:dricko:warning json: Expecting value: line 1 column 1 (char 0)
2025-09-25 09:22:30,437:WARNING:dricko:warning json: Expecting value: line 1 column 1 (char 0)
2025-09-25 09:22:37,454:WARNING:dricko:warning json: Expecting value: line 1 column 1 (char 0)
2025-09-25 09:22:44,459:WARNING:dricko:warning json: Expecting value: line 1 column 1 (char 0)
2025-09-25 09:22:51,472:WARNING:dricko:warning json: Expecting value: line 1 column 1 (char 0)
2025-09-25 09:22:58,477:WARNING:dricko:warning json: Expecting value: line 1 column 1 (char 0)
2025-09-25 09:23:05,483:WARNING:dricko:warning json: Expecting value: line 1 column 1 (char 0)
2025-09-25 09:23:12,484:WARNING:dricko:warning json: Expecting value: line 1 column 1 (char 0)
2025-09-25 09:23:18,508:INFO:dricko:Starting dricko handler...
2025-09-25 09:23:28,525:WARNING:dricko:warning json: Expecting value: line 1 column 1 (char 0)
2025-09-25 09:23:28,525:INFO:dricko:dricko: no payments to credit...
2025-09-25 09:23:35,536:WARNING:dricko:warning json: Expecting value: line 1 column 1 (char 0)
2025-09-25 09:23:42,540:WARNING:dricko:warning json: Expecting value: line 1 column 1 (char 0)
2025-09-25 09:23:49,546:WARNING:dricko:warning json: Expecting value: line 1 column 1 (char 0)
2025-09-25 09:23:56,552:WARNING:dricko:warning json: Expecting value: line 1 column 1 (char 0)
2025-09-25 09:24:03,557:WARNING:dricko:warning json: Expecting value: line 1 column 1 (char 0)
2025-09-25 09:24:10,566:WARNING:dricko:warning json: Expecting value: line 1 column 1 (char 0)
2025-09-25 09:24:17,575:WARNING:dricko:warning json: Expecting value: line 1 column 1 (char 0)
2025-09-25 09:24:24,577:WARNING:dricko:warning json: Expecting value: line 1 column 1 (char 0)
2025-09-25 09:24:31,586:WARNING:dricko:warning json: Expecting value: line 1 column 1 (char 0)
2025-09-25 09:24:38,600:WARNING:dricko:warning json: Expecting value: line 1 column 1 (char 0)
2025-09-25 09:24:45,601:WARNING:dricko:warning json: Expecting value: line 1 column 1 (char 0)
2025-09-25 09:24:52,613:WARNING:dricko:warning json: Expecting value: line 1 column 1 (char 0)
2025-09-25 09:24:59,617:WARNING:dricko:warning json: Expecting value: line 1 column 1 (char 0)
2025-09-25 09:25:06,626:WARNING:dricko:warning json: Expecting value: line 1 column 1 (char 0)
2025-09-25 09:25:13,627:WARNING:dricko:warning json: Expecting value: line 1 column 1 (char 0)
2025-09-25 09:25:20,637:WARNING:dricko:warning json: Expecting value: line 1 column 1 (char 0)
2025-09-25 09:25:27,646:WARNING:dricko:warning json: Expecting value: line 1 column 1 (char 0)
2025-09-25 09:25:34,657:WARNING:dricko:warning json: Expecting value: line 1 column 1 (char 0)
2025-09-25 09:25:41,665:WARNING:dricko:warning json: Expecting value: line 1 column 1 (char 0)
2025-09-25 09:25:48,667:WARNING:dricko:warning json: Expecting value: line 1 column 1 (char 0)
2025-09-25 09:25:48,667:INFO:dricko:dricko: no payments to credit...
2025-09-25 09:25:55,672:WARNING:dricko:warning json: Expecting value: line 1 column 1 (char 0)
2025-09-25 09:26:02,683:WARNING:dricko:warning json: Expecting value: line 1 column 1 (char 0)
2025-09-25 09:26:09,691:WARNING:dricko:warning json: Expecting value: line 1 column 1 (char 0)
2025-09-25 09:26:16,697:WARNING:dricko:warning json: Expecting value: line 1 column 1 (char 0)
2025-09-25 09:26:23,708:WARNING:dricko:warning json: Expecting value: line 1 column 1 (char 0)
2025-09-25 09:26:30,716:WARNING:dricko:warning json: Expecting value: line 1 column 1 (char 0)
2025-09-25 09:26:37,717:WARNING:dricko:warning json: Expecting value: line 1 column 1 (char 0)
2025-09-25 09:26:44,729:WARNING:dricko:warning json: Expecting value: line 1 column 1 (char 0)
2025-09-25 09:26:51,734:WARNING:dricko:warning json: Expecting value: line 1 column 1 (char 0)
2025-09-25 09:26:58,739:WARNING:dricko:warning json: Expecting value: line 1 column 1 (char 0)
2025-09-25 09:27:05,749:WARNING:dricko:warning json: Expecting value: line 1 column 1 (char 0)
2025-09-25 09:27:12,757:WARNING:dricko:warning json: Expecting value: line 1 column 1 (char 0)
2025-09-25 09:27:19,759:WARNING:dricko:warning json: Expecting value: line 1 column 1 (char 0)
2025-09-25 09:27:26,769:WARNING:dricko:warning json: Expecting value: line 1 column 1 (char 0)
2025-09-25 09:27:33,774:WARNING:dricko:warning json: Expecting value: line 1 column 1 (char 0)
2025-09-25 09:27:40,779:WARNING:dricko:warning json: Expecting value: line 1 column 1 (char 0)
2025-09-25 09:27:47,785:WARNING:dricko:warning json: Expecting value: line 1 column 1 (char 0)
2025-09-25 09:27:54,786:WARNING:dricko:warning json: Expecting value: line 1 column 1 (char 0)
2025-09-25 09:28:01,797:WARNING:dricko:warning json: Expecting value: line 1 column 1 (char 0)
2025-09-25 09:28:08,798:WARNING:dricko:warning json: Expecting value: line 1 column 1 (char 0)
2025-09-25 09:28:08,798:INFO:dricko:dricko: no payments to credit...
2025-09-25 09:28:15,805:WARNING:dricko:warning json: Expecting value: line 1 column 1 (char 0)
2025-09-25 09:28:22,815:WARNING:dricko:warning json: Expecting value: line 1 column 1 (char 0)
2025-09-25 09:28:29,821:WARNING:dricko:warning json: Expecting value: line 1 column 1 (char 0)
2025-09-25 09:28:36,822:WARNING:dricko:warning json: Expecting value: line 1 column 1 (char 0)
2025-09-25 09:28:43,836:WARNING:dricko:warning json: Expecting value: line 1 column 1 (char 0)
2025-09-25 09:28:50,837:WARNING:dricko:warning json: Expecting value: line 1 column 1 (char 0)
2025-09-25 09:28:57,849:WARNING:dricko:warning json: Expecting value: line 1 column 1 (char 0)
2025-09-25 09:29:04,853:WARNING:dricko:warning json: Expecting value: line 1 column 1 (char 0)
2025-09-25 09:29:11,859:WARNING:dricko:warning json: Expecting value: line 1 column 1 (char 0)
2025-09-25 09:29:18,868:WARNING:dricko:warning json: Expecting value: line 1 column 1 (char 0)
2025-09-25 09:29:25,875:WARNING:dricko:warning json: Expecting value: line 1 column 1 (char 0)
2025-09-25 09:29:32,881:WARNING:dricko:warning json: Expecting value: line 1 column 1 (char 0)
2025-09-25 09:29:39,890:WARNING:dricko:warning json: Expecting value: line 1 column 1 (char 0)
2025-09-25 09:29:46,898:WARNING:dricko:warning json: Expecting value: line 1 column 1 (char 0)
2025-09-25 09:29:53,906:WARNING:dricko:warning json: Expecting value: line 1 column 1 (char 0)
2025-09-25 09:30:00,911:WARNING:dricko:warning json: Expecting value: line 1 column 1 (char 0)
2025-09-25 09:30:07,916:WARNING:dricko:warning json: Expecting value: line 1 column 1 (char 0)
2025-09-25 09:30:14,928:WARNING:dricko:warning json: Expecting value: line 1 column 1 (char 0)
2025-09-25 09:30:21,932:WARNING:dricko:warning json: Expecting value: line 1 column 1 (char 0)
2025-09-25 09:30:28,939:WARNING:dricko:warning json: Expecting value: line 1 column 1 (char 0)
2025-09-25 09:30:28,939:INFO:dricko:dricko: no payments to credit...
2025-09-25 09:30:35,948:WARNING:dricko:warning json: Expecting value: line 1 column 1 (char 0)
2025-09-25 09:30:42,953:WARNING:dricko:warning json: Expecting value: line 1 column 1 (char 0)
2025-09-25 09:31:52,776:WARNING:dricko:warning json: Expecting value: line 1 column 1 (char 0)
2025-09-25 09:31:59,801:WARNING:dricko:warning json: Expecting value: line 1 column 1 (char 0)
2025-09-25 09:32:06,806:WARNING:dricko:warning json: Expecting value: line 1 column 1 (char 0)
2025-09-25 09:32:13,811:WARNING:dricko:warning json: Expecting value: line 1 column 1 (char 0)
2025-09-25 09:32:20,812:WARNING:dricko:warning json: Expecting value: line 1 column 1 (char 0)
2025-09-25 09:32:27,823:WARNING:dricko:warning json: Expecting value: line 1 column 1 (char 0)
2025-09-25 09:32:34,830:WARNING:dricko:warning json: Expecting value: line 1 column 1 (char 0)
2025-09-25 09:32:41,831:WARNING:dricko:warning json: Expecting value: line 1 column 1 (char 0)
2025-09-25 09:32:48,843:WARNING:dricko:warning json: Expecting value: line 1 column 1 (char 0)
2025-09-25 09:33:20,088 : INFO : Starting dricko handler...
2025-09-25 09:33:30,144 : WARNING : warning json: Expecting value: line 1 column 1 (char 0)
2025-09-25 09:33:30,144 : INFO : dricko: no payments to credit...
2025-09-25 09:33:42,089 : INFO : Starting dricko handler...
2025-09-25 09:33:52,123 : WARNING : warning json: Expecting value: line 1 column 1 (char 0)
2025-09-25 09:33:52,123 : INFO : dricko: no payments to credit...
2025-09-25 09:33:59,131 : WARNING : warning json: Expecting value: line 1 column 1 (char 0)
2025-09-25 09:34:06,136 : WARNING : warning json: Expecting value: line 1 column 1 (char 0)
2025-09-25 09:34:13,142 : WARNING : warning json: Expecting value: line 1 column 1 (char 0)
2025-09-25 09:34:20,146 : WARNING : warning json: Expecting value: line 1 column 1 (char 0)
2025-09-25 09:34:27,155 : WARNING : warning json: Expecting value: line 1 column 1 (char 0)
2025-09-25 09:34:34,161 : WARNING : warning json: Expecting value: line 1 column 1 (char 0)
2025-09-25 09:34:41,162 : WARNING : warning json: Expecting value: line 1 column 1 (char 0)
2025-09-25 09:34:48,176 : WARNING : warning json: Expecting value: line 1 column 1 (char 0)
2025-09-25 09:34:55,181 : WARNING : warning json: Expecting value: line 1 column 1 (char 0)
2025-09-25 09:35:02,186 : WARNING : warning json: Expecting value: line 1 column 1 (char 0)
2025-09-25 09:35:09,195 : WARNING : warning json: Expecting value: line 1 column 1 (char 0)
2025-09-25 09:35:16,200 : WARNING : warning json: Expecting value: line 1 column 1 (char 0)
2025-09-25 09:35:23,207 : WARNING : warning json: Expecting value: line 1 column 1 (char 0)
2025-09-25 09:35:30,213 : WARNING : warning json: Expecting value: line 1 column 1 (char 0)
2025-09-25 09:35:37,221 : WARNING : warning json: Expecting value: line 1 column 1 (char 0)
2025-09-25 09:35:44,235 : WARNING : warning json: Expecting value: line 1 column 1 (char 0)
2025-09-25 09:35:51,238 : WARNING : warning json: Expecting value: line 1 column 1 (char 0)
2025-09-25 09:35:58,246 : WARNING : warning json: Expecting value: line 1 column 1 (char 0)
2025-09-25 09:36:05,253 : WARNING : warning json: Expecting value: line 1 column 1 (char 0)
2025-09-25 09:36:12,260 : WARNING : warning json: Expecting value: line 1 column 1 (char 0)
2025-09-25 09:36:12,260 : INFO : dricko: no payments to credit...
2025-09-25 09:36:19,273 : WARNING : warning json: Expecting value: line 1 column 1 (char 0)
2025-09-25 09:36:26,275 : WARNING : warning json: Expecting value: line 1 column 1 (char 0)
2025-09-25 09:36:33,289 : WARNING : warning json: Expecting value: line 1 column 1 (char 0)
2025-09-25 09:36:40,304 : WARNING : warning json: Expecting value: line 1 column 1 (char 0)
2025-09-25 09:36:47,314 : WARNING : warning json: Expecting value: line 1 column 1 (char 0)
2025-09-25 09:36:54,320 : WARNING : warning json: Expecting value: line 1 column 1 (char 0)
2025-09-25 09:37:01,323 : WARNING : warning json: Expecting value: line 1 column 1 (char 0)
2025-09-25 09:37:08,329 : WARNING : warning json: Expecting value: line 1 column 1 (char 0)
2025-09-25 09:37:15,345 : WARNING : warning json: Expecting value: line 1 column 1 (char 0)
2025-09-25 09:37:22,352 : WARNING : warning json: Expecting value: line 1 column 1 (char 0)
2025-09-25 09:37:29,360 : WARNING : warning json: Expecting value: line 1 column 1 (char 0)
2025-09-25 09:37:36,361 : WARNING : warning json: Expecting value: line 1 column 1 (char 0)
2025-09-25 09:37:43,369 : WARNING : warning json: Expecting value: line 1 column 1 (char 0)
2025-09-25 09:37:50,381 : WARNING : warning json: Expecting value: line 1 column 1 (char 0)
2025-09-25 09:37:57,391 : WARNING : warning json: Expecting value: line 1 column 1 (char 0)
2025-09-25 09:38:04,397 : WARNING : warning json: Expecting value: line 1 column 1 (char 0)
2025-09-25 09:38:11,398 : WARNING : warning json: Expecting value: line 1 column 1 (char 0)
2025-09-25 09:38:18,411 : WARNING : warning json: Expecting value: line 1 column 1 (char 0)
2025-09-25 09:38:25,412 : WARNING : warning json: Expecting value: line 1 column 1 (char 0)
2025-09-25 09:38:32,417 : WARNING : warning json: Expecting value: line 1 column 1 (char 0)
2025-09-25 09:38:32,417 : INFO : dricko: no payments to credit...
2025-09-25 09:38:39,426 : WARNING : warning json: Expecting value: line 1 column 1 (char 0)
2025-09-25 09:38:46,432 : WARNING : warning json: Expecting value: line 1 column 1 (char 0)
2025-09-25 09:38:53,452 : WARNING : warning json: Expecting value: line 1 column 1 (char 0)
2025-09-25 09:38:55,603 : INFO : Starting dricko handler...
2025-09-25 09:39:05,630 : WARNING : warning json: Expecting value: line 1 column 1 (char 0)
2025-09-25 09:39:05,631 : INFO : dricko: no payments to credit...
2025-09-25 09:39:12,638 : WARNING : warning json: Expecting value: line 1 column 1 (char 0)
2025-09-25 09:39:19,645 : WARNING : warning json: Expecting value: line 1 column 1 (char 0)
2025-09-25 09:39:26,646 : WARNING : warning json: Expecting value: line 1 column 1 (char 0)
2025-09-25 09:39:28,459 : INFO : Starting dricko handler...
2025-09-25 09:39:38,477 : WARNING : warning json: Expecting value: line 1 column 1 (char 0)
2025-09-25 09:39:38,477 : INFO : dricko: no payments to credit...
2025-09-25 09:39:45,482 : WARNING : warning json: Expecting value: line 1 column 1 (char 0)
2025-09-25 09:39:52,496 : WARNING : warning json: Expecting value: line 1 column 1 (char 0)
2025-09-25 09:39:59,504 : WARNING : warning json: Expecting value: line 1 column 1 (char 0)
2025-09-25 09:40:06,506 : WARNING : warning json: Expecting value: line 1 column 1 (char 0)
2025-09-25 09:40:13,516 : WARNING : warning json: Expecting value: line 1 column 1 (char 0)
2025-09-25 09:40:20,539 : WARNING : warning json: Expecting value: line 1 column 1 (char 0)
2025-09-25 09:40:27,550 : WARNING : warning json: Expecting value: line 1 column 1 (char 0)
2025-09-25 09:40:34,557 : WARNING : warning json: Expecting value: line 1 column 1 (char 0)
2025-09-25 09:40:41,563 : WARNING : warning json: Expecting value: line 1 column 1 (char 0)
2025-09-25 09:40:48,570 : WARNING : warning json: Expecting value: line 1 column 1 (char 0)
2025-09-25 09:40:55,576 : WARNING : warning json: Expecting value: line 1 column 1 (char 0)
2025-09-25 09:41:02,578 : WARNING : warning json: Expecting value: line 1 column 1 (char 0)
2025-09-25 09:41:09,596 : WARNING : warning json: Expecting value: line 1 column 1 (char 0)
2025-09-25 09:41:16,603 : WARNING : warning json: Expecting value: line 1 column 1 (char 0)
2025-09-25 09:41:23,623 : WARNING : warning json: Expecting value: line 1 column 1 (char 0)
2025-09-25 09:41:30,625 : WARNING : warning json: Expecting value: line 1 column 1 (char 0)
2025-09-25 09:41:37,640 : WARNING : warning json: Expecting value: line 1 column 1 (char 0)
2025-09-25 09:41:44,645 : WARNING : warning json: Expecting value: line 1 column 1 (char 0)
2025-09-25 09:41:50,508 : INFO : Starting dricko handler...
2025-09-25 09:42:00,532 : INFO : dricko: no payments to credit...
2025-09-25 09:43:00,938 : INFO : Starting dricko handler...
2025-09-25 09:43:10,962 : INFO : dricko: no payments to credit...
2025-09-25 09:44:31,036 : INFO : Starting dricko handler...
2025-09-25 09:44:41,068 : INFO : dricko: no payments to credit...
2025-09-25 09:44:57,394 : INFO : Starting dricko handler...
2025-09-25 09:45:07,417 : INFO : dricko: no payments to credit...
2025-09-25 09:45:09,110 : INFO : Starting dricko handler...
2025-09-25 09:45:19,126 : INFO : dricko: no payments to credit...
2025-09-25 09:47:16,270 : INFO : Starting dricko handler...
2025-09-25 09:47:26,300 : INFO : dricko: no payments to credit...
2025-09-25 09:48:14,870 : INFO : Starting dricko handler...
2025-09-25 09:48:24,907 : INFO : dricko: no payments to credit...
2025-09-25 09:48:46,182 : INFO : Starting dricko handler...
2025-09-25 09:48:56,199 : INFO : dricko: no payments to credit...
2025-09-25 09:48:57,221 : INFO : Starting dricko handler...
2025-09-25 09:49:10,834 : INFO : Starting dricko handler...
2025-09-25 09:49:20,863 : INFO : dricko: no payments to credit...
2025-09-25 09:50:08,390 : INFO : Starting dricko handler...
2025-09-25 09:50:18,429 : INFO : dricko: no payments to credit...
2025-09-25 09:52:38,650 : INFO : dricko: no payments to credit...
2025-09-25 09:52:57,265 : INFO : Starting dricko handler...
2025-09-25 09:53:07,351 : INFO : dricko: no payments to credit...
2025-09-25 10:07:24,387 : INFO : Starting dricko handler...
2025-09-25 12:27:35,264 : INFO : Starting dricko handler...
2025-09-25 12:27:46,386 : INFO : A21F7A6DBFB84508A50EF9BE28C81131 could not be credited...
2025-09-25 12:27:46,388 : INFO : trying again...
2025-09-25 12:28:54,450 : INFO : Starting dricko handler...
2025-09-25 12:29:24,512 : INFO : Starting dricko handler...
2025-09-25 12:29:34,936 : INFO : BD2CCE280B1A405B8C2C7C2DD723B781 could not be credited...
2025-09-25 12:29:34,936 : INFO : trying again...
2025-09-25 12:31:31,051 : INFO : Starting dricko handler...
2025-09-25 12:31:41,742 : INFO : B1AFB872D9E241F196682FF8159466F6 could not be credited...
2025-09-25 12:31:41,742 : INFO : trying again...
2025-09-25 13:38:06,702 : INFO : Starting dricko handler...
2025-09-25 13:38:17,121 : INFO : dricko: no payments to credit...
2025-09-25 13:40:38,702 : INFO : dricko: no payments to credit...
2025-09-25 13:42:22,484 : INFO : Starting dricko handler...
2025-09-25 13:42:32,509 : DEBUG : Checking for payments to credit...
2025-09-25 13:42:32,525 : DEBUG : Starting new HTTP connection (1): localhost:5000
2025-09-25 13:42:32,603 : DEBUG : http://localhost:5000 "GET /api/payments/oldest-paid/ HTTP/1.1" 404 75
2025-09-25 13:42:32,604 : INFO : dricko: no payments to credit...
2025-09-25 13:42:39,605 : DEBUG : Checking for payments to credit...
2025-09-25 13:42:39,612 : DEBUG : Starting new HTTP connection (1): localhost:5000
2025-09-25 13:42:39,705 : DEBUG : http://localhost:5000 "GET /api/payments/oldest-paid/ HTTP/1.1" 404 75
2025-09-25 13:42:46,706 : DEBUG : Checking for payments to credit...
2025-09-25 13:42:46,706 : DEBUG : Starting new HTTP connection (1): localhost:5000
2025-09-25 13:42:46,838 : DEBUG : http://localhost:5000 "GET /api/payments/oldest-paid/ HTTP/1.1" 200 273
2025-09-25 13:42:46,847 : DEBUG : Got a payment to credit!
2025-09-25 13:42:46,847 : DEBUG : Crediting payment E45B9A82562146ECA37A7B5C8921A71F...
2025-09-25 13:42:46,847 : DEBUG : Starting new HTTP connection (1): localhost:5000
2025-09-25 13:42:47,117 : DEBUG : http://localhost:5000 "PATCH /api/payments/E45B9A82562146ECA37A7B5C8921A71F/credit HTTP/1.1" 200 307
2025-09-25 13:42:47,118 : DEBUG : Credit response: {'message': 'Payment successfully credited', 'payment': {'id': 'E45B9A82562146ECA37A7B5C8921A71F', 'status': 'CREDITED', 'amount': 10, 'currency': 'SEK', 'dateCreated': '2025-09-25T11:42:37.089Z', 'dateUpdated': '2025-09-25T11:42:47.018Z', 'datePaid': '2025-09-25T13:42:41.072+0200'}, 'timestamp': '2025-09-25T11:42:47.115Z'}
2025-09-25 13:42:47,119 : INFO : E45B9A82562146ECA37A7B5C8921A71F could not be credited...
2025-09-25 13:42:47,120 : INFO : trying again...
2025-09-25 13:42:50,121 : DEBUG : Crediting payment E45B9A82562146ECA37A7B5C8921A71F...
2025-09-25 13:42:50,123 : DEBUG : Starting new HTTP connection (1): localhost:5000
2025-09-25 13:42:50,292 : DEBUG : http://localhost:5000 "PATCH /api/payments/E45B9A82562146ECA37A7B5C8921A71F/credit HTTP/1.1" 400 152
2025-09-25 13:42:50,293 : DEBUG : Credit response: {'error': 'Invalid operation', 'details': 'Payment must be in PAID status to be credited. Current status: CREDITED', 'timestamp': '2025-09-25T11:42:50.290Z'}
2025-09-25 13:43:37,220 : INFO : Starting dricko handler...
2025-09-25 13:43:47,250 : DEBUG : Checking for payments to credit...
2025-09-25 13:43:47,257 : DEBUG : Starting new HTTP connection (1): localhost:5000
2025-09-25 13:43:47,325 : DEBUG : http://localhost:5000 "GET /api/payments/oldest-paid/ HTTP/1.1" 404 75
2025-09-25 13:43:47,326 : INFO : dricko: no payments to credit...
2025-09-25 13:43:51,325 : INFO : Starting dricko handler...
2025-09-25 13:44:01,491 : INFO : dricko: no payments to credit...
2025-09-25 13:46:24,003 : INFO : dricko: no payments to credit...
2025-09-25 13:47:56,846 : INFO : Starting dricko handler...
2025-09-25 13:48:06,871 : DEBUG : Checking for payments to credit...
2025-09-25 13:48:06,941 : INFO : dricko: no payments to credit...
2025-09-25 13:48:13,943 : DEBUG : Checking for payments to credit...
2025-09-25 13:48:21,013 : DEBUG : Checking for payments to credit...
2025-09-25 13:48:28,151 : DEBUG : Checking for payments to credit...
2025-09-25 13:48:35,224 : DEBUG : Checking for payments to credit...
2025-09-25 13:48:42,288 : DEBUG : Checking for payments to credit...
2025-09-25 13:48:49,345 : DEBUG : Checking for payments to credit...
2025-09-25 13:48:56,378 : DEBUG : Checking for payments to credit...
2025-09-25 13:49:03,480 : DEBUG : Checking for payments to credit...
2025-09-25 13:49:10,518 : DEBUG : Checking for payments to credit...
2025-09-25 13:49:17,609 : DEBUG : Checking for payments to credit...
2025-09-25 13:49:24,678 : DEBUG : Checking for payments to credit...
2025-09-25 13:49:31,746 : DEBUG : Checking for payments to credit...
2025-09-25 13:49:38,785 : DEBUG : Checking for payments to credit...
2025-09-25 13:49:45,874 : DEBUG : Checking for payments to credit...
2025-09-25 13:49:52,938 : DEBUG : Checking for payments to credit...
2025-09-25 13:50:00,006 : DEBUG : Checking for payments to credit...
2025-09-25 13:50:07,046 : DEBUG : Checking for payments to credit...
2025-09-25 13:50:14,134 : DEBUG : Checking for payments to credit...
2025-09-25 13:50:21,200 : DEBUG : Checking for payments to credit...
2025-09-25 13:50:28,242 : DEBUG : Checking for payments to credit...
2025-09-25 13:50:28,283 : INFO : dricko: no payments to credit...
2025-09-25 13:50:35,285 : DEBUG : Checking for payments to credit...
2025-09-25 13:50:42,397 : DEBUG : Checking for payments to credit...
2025-09-25 13:50:49,464 : DEBUG : Checking for payments to credit...
2025-09-25 13:50:56,530 : DEBUG : Checking for payments to credit...
2025-09-25 13:51:03,597 : DEBUG : Checking for payments to credit...
2025-09-25 13:51:10,658 : DEBUG : Checking for payments to credit...
2025-09-25 13:51:17,701 : DEBUG : Checking for payments to credit...
2025-09-25 13:54:15,693 : INFO : Starting dricko handler...
2025-09-25 13:54:25,730 : DEBUG : Checking for payments to credit...
2025-09-25 13:54:26,177 : INFO : dricko: no payments to credit...
2025-09-25 13:54:33,178 : DEBUG : Checking for payments to credit...
2025-09-25 13:54:40,277 : DEBUG : Checking for payments to credit...
2025-09-25 13:54:47,343 : DEBUG : Checking for payments to credit...
2025-09-25 13:54:54,410 : DEBUG : Checking for payments to credit...
2025-09-25 13:54:54,452 : DEBUG : Got a payment to credit!
2025-09-25 13:54:54,454 : DEBUG : Crediting payment 2970F4AC400D435D863E4040A87DCB80...
2025-09-25 13:54:54,795 : DEBUG : Credit response: {'message': 'Payment successfully credited', 'payment': {'id': '2970F4AC400D435D863E4040A87DCB80', 'status': 'CREDITED', 'amount': 10, 'currency': 'SEK', 'dateCreated': '2025-09-25T11:54:49.546Z', 'dateUpdated': '2025-09-25T11:54:54.684Z', 'datePaid': '2025-09-25T13:54:53.514+0200'}, 'timestamp': '2025-09-25T11:54:54.793Z'}
2025-09-25 13:54:54,797 : INFO : 2970F4AC400D435D863E4040A87DCB80 was successfully credited!
2025-09-25 13:55:01,799 : DEBUG : Checking for payments to credit...
2025-09-25 13:55:01,948 : INFO : dricko: no payments to credit...
2025-09-25 13:55:08,950 : DEBUG : Checking for payments to credit...
2025-09-25 13:55:09,011 : DEBUG : Got a payment to credit!
2025-09-25 13:55:09,011 : DEBUG : Crediting payment 5F35BD593D544F6A999010542398FED3...
2025-09-25 13:55:09,320 : DEBUG : Credit response: {'message': 'Payment successfully credited', 'payment': {'id': '5F35BD593D544F6A999010542398FED3', 'status': 'CREDITED', 'amount': 10, 'currency': 'SEK', 'dateCreated': '2025-09-25T11:55:04.481Z', 'dateUpdated': '2025-09-25T11:55:09.215Z', 'datePaid': '2025-09-25T13:55:08.468+0200'}, 'timestamp': '2025-09-25T11:55:09.318Z'}
2025-09-25 13:55:09,320 : INFO : 5F35BD593D544F6A999010542398FED3 was successfully credited!
2025-09-25 13:55:16,322 : DEBUG : Checking for payments to credit...
2025-09-25 13:55:16,360 : DEBUG : Got a payment to credit!
2025-09-25 13:55:16,361 : DEBUG : Crediting payment 48B8F5E857624EE6AFBF3AB607804D2B...
2025-09-25 13:55:16,615 : DEBUG : Credit response: {'message': 'Payment successfully credited', 'payment': {'id': '48B8F5E857624EE6AFBF3AB607804D2B', 'status': 'CREDITED', 'amount': 10, 'currency': 'SEK', 'dateCreated': '2025-09-25T11:55:07.220Z', 'dateUpdated': '2025-09-25T11:55:16.588Z', 'datePaid': '2025-09-25T13:55:11.203+0200'}, 'timestamp': '2025-09-25T11:55:16.613Z'}
2025-09-25 13:55:16,615 : INFO : 48B8F5E857624EE6AFBF3AB607804D2B was successfully credited!
2025-09-25 13:55:23,617 : DEBUG : Checking for payments to credit...
2025-09-25 13:55:23,667 : INFO : dricko: no payments to credit...
2025-09-25 14:39:08,102 : INFO : Starting dricko handler...
2025-09-25 14:39:18,170 : DEBUG : Checking for payments to credit...
2025-09-25 14:39:19,256 : INFO : dricko: no payments to credit...
2025-09-25 14:39:26,257 : DEBUG : Checking for payments to credit...
2025-09-25 14:39:33,992 : DEBUG : Checking for payments to credit...
2025-09-25 14:39:41,931 : DEBUG : Checking for payments to credit...
2025-09-25 14:39:42,797 : DEBUG : Got a payment to credit!
2025-09-25 14:39:42,817 : DEBUG : Crediting payment DDEA3BA6B2D44D3DB4BB43264BF08930...
2025-09-25 14:39:43,497 : DEBUG : Credit response: {'message': 'Payment successfully credited', 'payment': {'id': 'DDEA3BA6B2D44D3DB4BB43264BF08930', 'status': 'CREDITED', 'amount': 10, 'currency': 'SEK', 'dateCreated': '2025-09-25T12:39:30.526Z', 'dateUpdated': '2025-09-25T12:39:43.317Z', 'datePaid': '2025-09-25T14:39:34.510+0200'}, 'timestamp': '2025-09-25T12:39:43.328Z'}
2025-09-25 14:39:43,512 : INFO : DDEA3BA6B2D44D3DB4BB43264BF08930 was successfully credited!
2025-09-25 14:39:50,514 : DEBUG : Checking for payments to credit...
2025-09-25 14:39:51,336 : INFO : dricko: no payments to credit...
2025-12-04 19:12:32,522 : INFO : Starting dricko handler...
2025-12-04 19:12:42,697 : DEBUG : Checking for payments to credit...
2025-12-04 19:12:46,791 : ERROR : dricko: unhandled exception: HTTPConnectionPool(host='localhost', port=5000): Max retries exceeded with url: /api/payments/oldest-paid/ (Caused by NewConnectionError('<urllib3.connection.HTTPConnection object at 0x00000276C0839790>: Failed to establish a new connection: [WinError 10061] No connection could be made because the target machine actively refused it'))
2025-12-04 19:13:03,792 : DEBUG : Checking for payments to credit...
2025-12-04 19:13:07,836 : ERROR : dricko: unhandled exception: HTTPConnectionPool(host='localhost', port=5000): Max retries exceeded with url: /api/payments/oldest-paid/ (Caused by NewConnectionError('<urllib3.connection.HTTPConnection object at 0x00000276C0824AD0>: Failed to establish a new connection: [WinError 10061] No connection could be made because the target machine actively refused it'))
2025-12-04 19:13:22,744 : INFO : Starting dricko handler...
2025-12-04 19:13:32,756 : DEBUG : Checking for payments to credit...
2025-12-04 19:13:32,763 : INFO : Memory usage: 85.2%
2025-12-04 19:13:36,837 : ERROR : dricko: unhandled exception: HTTPConnectionPool(host='localhost', port=5000): Max retries exceeded with url: /api/payments/oldest-paid/ (Caused by NewConnectionError('<urllib3.connection.HTTPConnection object at 0x000001C9E4B39490>: Failed to establish a new connection: [WinError 10061] No connection could be made because the target machine actively refused it'))
2025-12-04 19:13:53,839 : DEBUG : Checking for payments to credit...
2025-12-04 19:13:57,902 : ERROR : dricko: unhandled exception: HTTPConnectionPool(host='localhost', port=5000): Max retries exceeded with url: /api/payments/oldest-paid/ (Caused by NewConnectionError('<urllib3.connection.HTTPConnection object at 0x000001C9E4B279D0>: Failed to establish a new connection: [WinError 10061] No connection could be made because the target machine actively refused it'))
